Arguments: 
  /usr/local/bin/node /usr/local/Cellar/yarn/1.15.2/libexec/bin/yarn.js add folktale

PATH: 
  /Users/yuanyang/.Pokemon-Terminal:/Users/yuanyang/.Pokemon-Terminal:/usr/local/bin:/usr/bin:/bin:/usr/sbin:/sbin:/opt/X11/bin:/Users/yuanyang/.Pokemon-Terminal

Yarn version: 
  1.15.2

Node version: 
  13.13.0

Platform: 
  darwin x64

Trace: 
  Error: https://registry.yarnpkg.com/folktale: ETIMEDOUT
      at Timeout._onTimeout (/usr/local/Cellar/yarn/1.15.2/libexec/lib/cli.js:130201:19)
      at listOnTimeout (internal/timers.js:549:17)
      at processTimers (internal/timers.js:492:7)

npm manifest: 
  {
    "name": "Cheese",
    "version": "1.0.0",
    "main": "index.js",
    "repository": "https://github.com/no5no6/Cheese.git",
    "author": "no5no6 <work_yuanyang@163.com>",
    "license": "MIT",
    "dependencies": {
      "lodash": "^4.17.15"
    }
  }

yarn manifest: 
  No manifest

Lockfile: 
  # THIS IS AN AUTOGENERATED FILE. DO NOT EDIT THIS FILE DIRECTLY.
  # yarn lockfile v1
  
  
  lodash@^4.17.15:
    version "4.17.15"
    resolved "https://registry.yarnpkg.com/lodash/-/lodash-4.17.15.tgz#b447f6670a0455bbfeedd11392eff330ea097548"
    integrity sha512-8xOcRHvCjnocdS5cpwXQXVzmmh5e5+saE2QGoeQmbKmRS6J3VQppPOIt0MnmE+4xlZoumy0GPG0D0MVIQbNA1A==
